<?xml version="1.0" encoding="UTF-8"?>
<testsuite xmlns:xsi="http://www.w3.org/2001/XMLSchema-instance" xsi:noNamespaceSchemaLocation="https://maven.apache.org/surefire/maven-surefire-plugin/xsd/surefire-test-report-3.0.xsd" version="3.0" name="com.example.proyectoCM.ProyectoCmApplicationTests" time="5.251" tests="1" errors="0" skipped="0" failures="0">
  <properties>
[...]
</properties>
  <testcase name="contextLoads" classname="com.example.proyectoCM.ProyectoCmApplicationTests" time="1.535">
    <system-out><![CDATA[15:20:37.804 [main] INFO org.springframework.test.context.support.AnnotationConfigContextLoaderUtils -- Could not detect default configuration classes for test class [com.example.proyectoCM.ProyectoCmApplicationTests]: ProyectoCmApplicationTests does not declare any static, non-private, non-final, nested classes annotated with @Configuration.
15:20:38.034 [main] INFO org.springframework.boot.test.context.SpringBootTestContextBootstrapper -- Found @SpringBootConfiguration com.example.proyectoCM.ProyectoCmApplication for test class com.example.proyectoCM.ProyectoCmApplicationTests

  .   ____          _            __ _ _
 /\\ / ___'_ __ _ _(_)_ __  __ _ \ \ \ \
( ( )\___ | '_ | '_| | '_ \/ _` | \ \ \ \
 \\/  ___)| |_)| | | | | || (_| |  ) ) ) )
  '  |____| .__|_| |_|_| |_\__, | / / / /
 =========|_|==============|___/=/_/_/_/
 :: Spring Boot ::                (v3.1.0)

2023-06-10T15:20:38.846-06:00  INFO 20012 --- [           main] c.e.p.ProyectoCmApplicationTests         : Starting ProyectoCmApplicationTests using Java 17.0.7 with PID 20012 (started by jonah in C:\Users\jonah\Documents\Componentes\proyectoCM)
2023-06-10T15:20:38.849-06:00  INFO 20012 --- [           main] c.e.p.ProyectoCmApplicationTests         : No active profile set, falling back to 1 default profile: "default"
2023-06-10T15:20:41.210-06:00  INFO 20012 --- [           main] c.e.p.ProyectoCmApplicationTests         : Started ProyectoCmApplicationTests in 2.894 seconds (process running for 4.78)
]]></system-out>
  </testcase>
</testsuite>